<?xml version="1.0" encoding="UTF-8"?>
<!-- Generated by org.testng.reporters.JUnitReportReporter -->
<testsuite skipped="0" hostname="IEVICT-B916" name="homework_5.Homework5Tests" tests="2" failures="0" timestamp="28 лист. 2021 20:44:29 GMT" time="56.832" errors="0">
  <testcase name="testCreateNewAccount" time="28.646" classname="homework_5.Homework5Tests"/>
  <testcase name="testCreateNewAccount" time="28.186" classname="homework_5.Homework5Tests"/>
</testsuite> <!-- homework_5.Homework5Tests -->
